0 info it worked if it ends with ok
1 verbose cli [ '/usr/bin/node', '/usr/bin/npm', 'run', 'migrate_local' ]
2 info using npm@3.10.10
3 info using node@v6.14.1
4 verbose run-script [ 'premigrate_local', 'migrate_local', 'postmigrate_local' ]
5 info lifecycle quiz-2018@0.0.0~premigrate_local: quiz-2018@0.0.0
6 silly lifecycle quiz-2018@0.0.0~premigrate_local: no script for premigrate_local, continuing
7 info lifecycle quiz-2018@0.0.0~migrate_local: quiz-2018@0.0.0
8 verbose lifecycle quiz-2018@0.0.0~migrate_local: unsafe-perm in lifecycle true
9 verbose lifecycle quiz-2018@0.0.0~migrate_local: PATH: /usr/lib/node_modules/npm/bin/node-gyp-bin:/home/a.grivero/Desktop/quiz_2018/node_modules/.bin:/usr/local/sbin:/usr/local/bin:/usr/sbin:/usr/bin:/sbin:/bin:/usr/games:/usr/local/games
10 verbose lifecycle quiz-2018@0.0.0~migrate_local: CWD: /home/a.grivero/Desktop/quiz_2018
11 silly lifecycle quiz-2018@0.0.0~migrate_local: Args: [ '-c',
11 silly lifecycle   'sequelize db:migrate --url sqlite://$(pwd)/quiz.sqlite' ]
12 info lifecycle quiz-2018@0.0.0~migrate_local: Failed to exec migrate_local script
13 verbose stack Error: quiz-2018@0.0.0 migrate_local: `sequelize db:migrate --url sqlite://$(pwd)/quiz.sqlite`
13 verbose stack spawn ENOENT
13 verbose stack     at ChildProcess.<anonymous> (/usr/lib/node_modules/npm/lib/utils/spawn.js:33:16)
13 verbose stack     at emitTwo (events.js:106:13)
13 verbose stack     at ChildProcess.emit (events.js:191:7)
13 verbose stack     at maybeClose (internal/child_process.js:920:16)
13 verbose stack     at Process.ChildProcess._handle.onexit (internal/child_process.js:230:5)
14 verbose pkgid quiz-2018@0.0.0
15 verbose cwd /home/a.grivero/Desktop/quiz_2018
16 error Linux 4.4.0-78-generic
17 error argv "/usr/bin/node" "/usr/bin/npm" "run" "migrate_local"
18 error node v6.14.1
19 error npm  v3.10.10
20 error file sh
21 error code ELIFECYCLE
22 error errno ENOENT
23 error syscall spawn
24 error quiz-2018@0.0.0 migrate_local: `sequelize db:migrate --url sqlite://$(pwd)/quiz.sqlite`
24 error spawn ENOENT
25 error Failed at the quiz-2018@0.0.0 migrate_local script 'sequelize db:migrate --url sqlite://$(pwd)/quiz.sqlite'.
25 error Make sure you have the latest version of node.js and npm installed.
25 error If you do, this is most likely a problem with the quiz-2018 package,
25 error not with npm itself.
25 error Tell the author that this fails on your system:
25 error     sequelize db:migrate --url sqlite://$(pwd)/quiz.sqlite
25 error You can get information on how to open an issue for this project with:
25 error     npm bugs quiz-2018
25 error Or if that isn't available, you can get their info via:
25 error     npm owner ls quiz-2018
25 error There is likely additional logging output above.
26 verbose exit [ 1, true ]